<?xml version="1.0" encoding="UTF-8"?>
<!-- Generated by org.testng.reporters.JUnitReportReporter -->
<testsuite hostname="Pradosh" failures="0" tests="1" name="beauty.LaunchLoreal_Test" time="4.851" errors="0" timestamp="2024-05-23T09:19:16 IST" skipped="0">
  <testcase classname="beauty.LaunchLoreal_Test" name="loreal" time="4.851"/>
</testsuite> <!-- beauty.LaunchLoreal_Test -->
