<?xml version="1.0" encoding="UTF-8"?>
<!-- Generated by org.testng.reporters.JUnitReportReporter -->
<testsuite hostname="Pradosh" failures="0" tests="1" name="beauty.LaunchSugar" time="16.025" errors="0" timestamp="2024-05-31T07:38:09 IST" skipped="0">
  <testcase classname="beauty.LaunchSugar" name="sugar" time="16.025"/>
</testsuite> <!-- beauty.LaunchSugar -->
