<?xml version="1.0" encoding="UTF-8"?>
<!-- Generated by org.testng.reporters.JUnitReportReporter -->
<testsuite hostname="Pradosh" failures="0" tests="1" name="food.LaunchZomato" time="8.700" errors="0" timestamp="2024-05-21T08:41:32 IST" skipped="0">
  <testcase classname="food.LaunchZomato" name="nykaa" time="8.700"/>
</testsuite> <!-- food.LaunchZomato -->
