<?xml version="1.0" encoding="UTF-8"?>
<!-- Generated by org.testng.reporters.JUnitReportReporter -->
<testsuite hostname="Pradosh" failures="0" tests="1" name="ecom.LaunchFlipkart" time="5.517" errors="0" timestamp="2024-05-21T08:43:54 IST" skipped="0">
  <testcase classname="ecom.LaunchFlipkart" name="nykaa" time="5.517"/>
</testsuite> <!-- ecom.LaunchFlipkart -->
