<?xml version="1.0" encoding="UTF-8"?>
<!-- Generated by org.testng.reporters.JUnitReportReporter -->
<testsuite hostname="Pradosh" failures="0" tests="1" name="food.LaunchSwiggy_Test" time="4.882" errors="0" timestamp="2024-05-23T09:19:16 IST" skipped="0">
  <testcase classname="food.LaunchSwiggy_Test" name="swiggy" time="4.882"/>
</testsuite> <!-- food.LaunchSwiggy_Test -->
