<?xml version="1.0" encoding="UTF-8"?>
<!-- Generated by org.testng.reporters.JUnitReportReporter -->
<testsuite hostname="Pradosh" failures="0" tests="1" name="food.LaunchDominos_Test" time="27.803" errors="0" timestamp="2024-05-23T09:19:16 IST" skipped="0">
  <testcase classname="food.LaunchDominos_Test" name="dominos" time="27.803"/>
</testsuite> <!-- food.LaunchDominos_Test -->
