<?xml version="1.0" encoding="UTF-8"?>
<!-- Generated by org.testng.reporters.JUnitReportReporter -->
<testsuite hostname="Pradosh" failures="0" tests="1" name="ecom.LaunchAmazon_Test" time="4.956" errors="0" timestamp="2024-05-23T09:19:16 IST" skipped="0">
  <testcase classname="ecom.LaunchAmazon_Test" name="amazon" time="4.956"/>
</testsuite> <!-- ecom.LaunchAmazon_Test -->
