<?xml version="1.0" encoding="UTF-8"?>
<!-- Generated by org.testng.reporters.JUnitReportReporter -->
<testsuite hostname="Pradosh" failures="0" tests="1" name="ecom.LaunchAlibaba_Test" time="29.198" errors="0" timestamp="2024-05-23T09:19:16 IST" skipped="0">
  <testcase classname="ecom.LaunchAlibaba_Test" name="flipkart" time="29.198"/>
</testsuite> <!-- ecom.LaunchAlibaba_Test -->
