<?xml version="1.0" encoding="UTF-8"?>
<!-- Generated by org.testng.reporters.JUnitReportReporter -->
<testsuite hostname="Pradosh" failures="0" tests="1" name="beauty.LaunchNykaa_Test" time="4.982" errors="0" timestamp="2024-05-23T09:19:16 IST" skipped="0">
  <testcase classname="beauty.LaunchNykaa_Test" name="nykaa" time="4.982"/>
</testsuite> <!-- beauty.LaunchNykaa_Test -->
