<?xml version="1.0" encoding="UTF-8"?>
<!-- Generated by org.testng.reporters.JUnitReportReporter -->
<testsuite hostname="Pradosh" failures="0" tests="1" name="beauty.LaunchLakme_Test" time="3.774" errors="0" timestamp="2024-05-23T09:19:16 IST" skipped="0">
  <testcase classname="beauty.LaunchLakme_Test" name="lakme" time="3.774"/>
</testsuite> <!-- beauty.LaunchLakme_Test -->
