<?xml version="1.0" encoding="UTF-8"?>
<!-- Generated by org.testng.reporters.JUnitReportReporter -->
<testsuite hostname="Pradosh" failures="0" tests="1" name="food.LaunchZomato_Test" time="3.705" errors="0" timestamp="2024-05-23T09:19:16 IST" skipped="0">
  <testcase classname="food.LaunchZomato_Test" name="nykaa" time="3.705"/>
</testsuite> <!-- food.LaunchZomato_Test -->
