<?xml version="1.0" encoding="UTF-8"?>
<!-- Generated by org.testng.reporters.JUnitReportReporter -->
<testsuite hostname="Pradosh" failures="0" tests="1" name="beauty.LaunchNykaa" time="8.821" errors="0" timestamp="2024-05-21T22:07:48 IST" skipped="0">
  <testcase classname="beauty.LaunchNykaa" name="nykaa" time="8.821"/>
</testsuite> <!-- beauty.LaunchNykaa -->
